<?xml version="1.0" encoding="UTF-8"?>
<!-- Generated by org.testng.reporters.JUnitXMLReporter -->
<testsuite hostname="RkReddy3" name="Test" tests="7" failures="0" timestamp="25 Mar 2020 09:07:27 GMT" time="135.095" errors="0">
  <testcase name="Addemployee" time="4.857" classname="orangeHRM.Testcases.AddemployeeTest"/>
  <testcase name="addemplyclicktest" time="6.744" classname="orangeHRM.Testcases.Homepagetest"/>
  <testcase name="verifyPIMtest" time="0.244" classname="orangeHRM.Testcases.Homepagetest"/>
  <testcase name="verifyhomepagetittleTest" time="0.007" classname="orangeHRM.Testcases.Homepagetest"/>
  <testcase name="loginpageTitleTest" time="0.011" classname="orangeHRM.Testcases.LoginpageTest"/>
  <testcase name="logoTest" time="0.043" classname="orangeHRM.Testcases.LoginpageTest"/>
  <testcase name="logintest" time="6.719" classname="orangeHRM.Testcases.LoginpageTest"/>
</testsuite> <!-- Test -->
