<?xml version="1.0" encoding="UTF-8"?>
<testng-results skipped="0" failed="0" total="1" passed="1">
  <reporter-output>
  </reporter-output>
  <suite name="Default suite" duration-ms="21473" started-at="2020-03-28T18:53:58Z" finished-at="2020-03-28T18:54:19Z">
    <groups>
    </groups>
    <test name="Default test" duration-ms="21473" started-at="2020-03-28T18:53:58Z" finished-at="2020-03-28T18:54:19Z">
      <class name="orangeHRM.Testcases.LoginpageTest">
        <test-method status="PASS" signature="setup()[pri:0, instance:orangeHRM.Testcases.LoginpageTest@6e06451e]" name="setup" is-config="true" duration-ms="6654" started-at="2020-03-29T00:23:58Z" finished-at="2020-03-29T00:24:04Z">
          <reporter-output>
          </reporter-output>
        </test-method> <!-- setup -->
        <test-method status="PASS" signature="loginpageTitleTest()[pri:0, instance:orangeHRM.Testcases.LoginpageTest@6e06451e]" name="loginpageTitleTest" duration-ms="13818" started-at="2020-03-29T00:24:04Z" finished-at="2020-03-29T00:24:18Z">
          <reporter-output>
          </reporter-output>
        </test-method> <!-- loginpageTitleTest -->
        <test-method status="PASS" signature="close()[pri:0, instance:orangeHRM.Testcases.LoginpageTest@6e06451e]" name="close" is-config="true" duration-ms="965" started-at="2020-03-29T00:24:18Z" finished-at="2020-03-29T00:24:19Z">
          <reporter-output>
          </reporter-output>
        </test-method> <!-- close -->
      </class> <!-- orangeHRM.Testcases.LoginpageTest -->
    </test> <!-- Default test -->
  </suite> <!-- Default suite -->
</testng-results>
